


ARM Macro Assembler    Page 1 


    1 00000000         ;/******************************************************
                       ********************//**
    2 00000000         ; * @file     startup_ARMCM4.s
    3 00000000         ; * @brief    CMSIS Core Device Startup File for
    4 00000000         ; *           ARMCM4 Device Series
    5 00000000         ; * @version  V5.00
    6 00000000         ; * @date     02. March 2016
    7 00000000         ; ******************************************************
                       ************************/
    8 00000000         ;/*
    9 00000000         ; * Copyright (c) 2009-2016 ARM Limited. All rights rese
                       rved.
   10 00000000         ; *
   11 00000000         ; * SPDX-License-Identifier: Apache-2.0
   12 00000000         ; *
   13 00000000         ; * Licensed under the Apache License, Version 2.0 (the 
                       License); you may
   14 00000000         ; * not use this file except in compliance with the Lice
                       nse.
   15 00000000         ; * You may obtain a copy of the License at
   16 00000000         ; *
   17 00000000         ; * www.apache.org/licenses/LICENSE-2.0
   18 00000000         ; *
   19 00000000         ; * Unless required by applicable law or agreed to in wr
                       iting, software
   20 00000000         ; * distributed under the License is distributed on an A
                       S IS BASIS, WITHOUT
   21 00000000         ; * WARRANTIES OR CONDITIONS OF ANY KIND, either express
                        or implied.
   22 00000000         ; * See the License for the specific language governing 
                       permissions and
   23 00000000         ; * limitations under the License.
   24 00000000         ; */
   25 00000000         
   26 00000000         ;/*
   27 00000000         ;//-------- <<< Use Configuration Wizard in Context Menu
                        >>> ------------------
   28 00000000         ;*/
   29 00000000         
   30 00000000         
   31 00000000         ; <h> Stack Configuration
   32 00000000         ;   <o> Stack Size (in Bytes) <0x0-0xFFFFFFFF:8>
   33 00000000         ; </h>
   34 00000000         
   35 00000000 00000800 
                       Stack_Size
                               EQU              0x0000800
   36 00000000         
   37 00000000                 AREA             STACK, NOINIT, READWRITE, ALIGN
=3
   38 00000000         Stack_Mem
                               SPACE            Stack_Size
   39 00000800         __initial_sp
   40 00000800         
   41 00000800         
   42 00000800         ; <h> Heap Configuration
   43 00000800         ;   <o>  Heap Size (in Bytes) <0x0-0xFFFFFFFF:8>
   44 00000800         ; </h>
   45 00000800         



ARM Macro Assembler    Page 2 


   46 00000800 00001000 
                       Heap_Size
                               EQU              0x000001000
   47 00000800         
   48 00000800                 AREA             HEAP, NOINIT, READWRITE, ALIGN=
3
   49 00000000         __heap_base
   50 00000000         Heap_Mem
                               SPACE            Heap_Size
   51 00001000         __heap_limit
   52 00001000         
   53 00001000         
   54 00001000                 PRESERVE8
   55 00001000                 THUMB
   56 00001000         
   57 00001000         
   58 00001000         ; Vector Table Mapped to Address 0 at Reset
   59 00001000         
   60 00001000                 AREA             RESET, DATA, READONLY
   61 00000000                 EXPORT           __Vectors
   62 00000000                 EXPORT           __Vectors_End
   63 00000000                 EXPORT           __Vectors_Size
   64 00000000         
   65 00000000 00000000 
                       __Vectors
                               DCD              __initial_sp ; Top of Stack
   66 00000004 00000000        DCD              Reset_Handler ; Reset Handler
   67 00000008 00000000        DCD              NMI_Handler ; NMI Handler
   68 0000000C 00000000        DCD              HardFault_Handler ; Hard Fault 
                                                            Handler
   69 00000010 00000000        DCD              MemManage_Handler 
                                                            ; MPU Fault Handler
                                                            
   70 00000014 00000000        DCD              BusFault_Handler 
                                                            ; Bus Fault Handler
                                                            
   71 00000018 00000000        DCD              UsageFault_Handler ; Usage Faul
                                                            t Handler
   72 0000001C 00000000        DCD              0           ; Reserved
   73 00000020 00000000        DCD              0           ; Reserved
   74 00000024 00000000        DCD              0           ; Reserved
   75 00000028 00000000        DCD              0           ; Reserved
   76 0000002C 00000000        DCD              SVC_Handler ; SVCall Handler
   77 00000030 00000000        DCD              DebugMon_Handler ; Debug Monito
                                                            r Handler
   78 00000034 00000000        DCD              0           ; Reserved
   79 00000038 00000000        DCD              PendSV_Handler ; PendSV Handler
                                                            
   80 0000003C 00000000        DCD              SysTick_Handler 
                                                            ; SysTick Handler
   81 00000040         
   82 00000040         ; External Interrupts
   83 00000040 00000000        DCD              cobra_aon_event0_interrupt ;  0
                                                                 aon_event0    
                                                                       0
   84 00000044 00000000        DCD              cobra_m4_gpio_interrupt ; 1    
                                                            cobra4 GPIO interru
                                                            pt   ;
   85 00000048 00000000        DCD              0



ARM Macro Assembler    Page 3 


   86 0000004C 00000000        DCD              0
   87 00000050 00000000        DCD              0
   88 00000054 00000000        DCD              0
   89 00000058 00000000        DCD              0           ;6
   90 0000005C 00000000        DCD              0           ;7    
   91 00000060 00000000        DCD              0           ;  ;8
   92 00000064 00000000        DCD              0           ;9
   93 00000068 00000000        DCD              cobra_m4_uart0_interrupt ;10
   94 0000006C 00000000        DCD              0
   95 00000070 00000000        DCD              0
   96 00000074 00000000        DCD              0           ;  ;13
   97 00000078 00000000        DCD              cobra_m3_spi0_interrupt
   98 0000007C 00000000        DCD              0           ;   ;15
   99 00000080 00000000        DCD              0           ;   ;16
  100 00000084 00000000        DCD              cobra_aon_event3_interrupt 
                                                            ;   ;17
  101 00000088 00000000        DCD              cobra_aon_event4_interrupt 
                                                            ;   ;18
  102 0000008C 00000000        DCD              0           ;   ;19
  103 00000090 00000000        DCD              0           ;   ;20
  104 00000094 00000000        DCD              0           ;     ;21
  105 00000098 00000000        DCD              cobra4_aes_sm4_interrupt 
                                                            ;   ;22
  106 0000009C 00000000        DCD              cobra_m3_trng_interrupt 
                                                            ;          ;23
  107 000000A0 00000000        DCD              cobra_m3_timer0_interrupt 
                                                            ;          ;24
  108 000000A4 00000000        DCD              cobra_m3_timer1_interrupt 
                                                            ;          ;25
  109 000000A8 00000000        DCD              cobra_dualtimer_interrupt 
                                                            ;          ;26
  110 000000AC 00000000        DCD              0           ;27
  111 000000B0 00000000        DCD              cobra_m3_spi1_interrupt ; 28
  112 000000B4 00000000        DCD              cobra_m3_eccmicro_interrupt 
                                                            ; 29
  113 000000B8 00000000        DCD              0           ;   ;30
  114 000000BC 00000000        DCD              rwble_isr   ;   ;31
  115 000000C0 00000000        DCD              cobra_m4_uart1_interrupt ;32
  116 000000C4 00000000        DCD              cobra_m3_dma_interrupt ;33
  117 000000C8 00000000        DCD              0           ;34
  118 000000CC 00000000        DCD              0           ;RF_IRQ_TXFIFO   
  119 000000D0 00000000        DCD              0           ;RF_IRQ_RXFIFO 
  120 000000D4 00000000        DCD              cobra_csem_irq_tx_interrupt ;37
                                                               RF_IRQ_TX       
                                                                   
  121 000000D8 00000000        DCD              cobra_csem_irq_rx_stop_interrup
t 
                                                            ;38   RF_IRQ_RXSTOP
                                                            
  122 000000DC 00000000        DCD              cobra_csem_irq_received_interup
t 
                                                            ;39   RF_IRQ_RECEIV
                                                            ED
  123 000000E0 00000000        DCD              cobra_csem_irq_sync_interrupt 
                                                            ;40   RF_IRQ_SYNC
  124 000000E4         
  125 000000E4         __Vectors_End
  126 000000E4         
  127 000000E4 000000E4 



ARM Macro Assembler    Page 4 


                       __Vectors_Size
                               EQU              __Vectors_End - __Vectors
  128 000000E4         
  129 000000E4                 AREA             |.text|, CODE, READONLY
  130 00000000         
  131 00000000         
  132 00000000         ; Reset Handler
  133 00000000         
  134 00000000         Reset_Handler
                               PROC
  135 00000000                 EXPORT           Reset_Handler             [WEAK
]
  136 00000000                 IMPORT           SystemInit
  137 00000000                 IMPORT           __main
  138 00000000 4812            LDR              R0, =0x420F4509
  139 00000002 4913            LDR              R1, =0x4008A004
  140 00000004 6008            STR              R0, [R1]
  141 00000006 F04F 0001       LDR              R0, =0x00000001
  142 0000000A 4912            LDR              R1, =0x4008B000
  143 0000000C 6008            STR              R0, [R1]
  144 0000000E F04F 0003       LDR              R0, =0x00000003
  145 00000012 4911            LDR              R1, =0x4008B064
  146 00000014 6008            STR              R0, [R1]
  147 00000016 F04F 0000       LDR              R0, =0x00000000
  148 0000001A 490E            LDR              R1, =0x4008B000
  149 0000001C 6008            STR              R0, [R1]
  150 0000001E F04F 0004       LDR              R0, =0x00000004
  151 00000022 490E            LDR              R1, =0x400C6810
  152 00000024 6008            STR              R0, [R1]
  153 00000026 F04F 0080       LDR              R0, =0x00000080
  154 0000002A 490D            LDR              R1, =0x400C6850
  155 0000002C 6008            STR              R0, [R1]
  156 0000002E 480D            LDR              R0, =SystemInit
  157 00000030 4780            BLX              R0
  158 00000032 480D            LDR              R0, =__main
  159 00000034 4700            BX               R0
  160 00000036                 ENDP
  161 00000036         
  162 00000036         
  163 00000036         ; Dummy Exception Handlers (infinite loops which can be 
                       modified)
  164 00000036         
  165 00000036         NMI_Handler
                               PROC
  166 00000036                 EXPORT           NMI_Handler               [WEAK
]
  167 00000036 E7FE            B                .
  168 00000038                 ENDP
  170 00000038         HardFault_Handler
                               PROC
  171 00000038                 EXPORT           HardFault_Handler         [WEAK
]
  172 00000038 E7FE            B                .
  173 0000003A                 ENDP
  175 0000003A         MemManage_Handler
                               PROC
  176 0000003A                 EXPORT           MemManage_Handler         [WEAK
]
  177 0000003A E7FE            B                .



ARM Macro Assembler    Page 5 


  178 0000003C                 ENDP
  180 0000003C         BusFault_Handler
                               PROC
  181 0000003C                 EXPORT           BusFault_Handler          [WEAK
]
  182 0000003C E7FE            B                .
  183 0000003E                 ENDP
  185 0000003E         UsageFault_Handler
                               PROC
  186 0000003E                 EXPORT           UsageFault_Handler        [WEAK
]
  187 0000003E E7FE            B                .
  188 00000040                 ENDP
  189 00000040         SVC_Handler
                               PROC
  190 00000040                 EXPORT           SVC_Handler               [WEAK
]
  191 00000040 E7FE            B                .
  192 00000042                 ENDP
  194 00000042         DebugMon_Handler
                               PROC
  195 00000042                 EXPORT           DebugMon_Handler          [WEAK
]
  196 00000042 E7FE            B                .
  197 00000044                 ENDP
  198 00000044         PendSV_Handler
                               PROC
  199 00000044                 EXPORT           PendSV_Handler            [WEAK
]
  200 00000044 E7FE            B                .
  201 00000046                 ENDP
  202 00000046         SysTick_Handler
                               PROC
  203 00000046                 EXPORT           SysTick_Handler           [WEAK
]
  204 00000046 E7FE            B                .
  205 00000048                 ENDP
  206 00000048         
  207 00000048         Default_Handler
                               PROC
  208 00000048         
  209 00000048                 EXPORT           cobra_aon_event4_interrupt     
     [WEAK]
  210 00000048                 EXPORT           cobra_m3_dma_interrupt       [W
EAK]
  211 00000048                 EXPORT           cobra_m4_uart0_interrupt      [
WEAK]
  212 00000048                 EXPORT           cobra_m3_gpio0_interrupt   [WEA
K]
  213 00000048                 EXPORT           cobra_m3_gpio1_interrupt   [WEA
K]
  214 00000048                 EXPORT           cobra_aon_event3_interrupt     
 [WEAK]
  215 00000048                 EXPORT           cobra_m3_timer0_interrupt      
[WEAK]
  216 00000048                 EXPORT           cobra_m3_timer1_interrupt      
[WEAK]
  217 00000048                 EXPORT           cobra_dualtimer_interrupt      
[WEAK]



ARM Macro Assembler    Page 6 


  218 00000048                 EXPORT           cobra_m3_ipc_interrupt    [WEAK
]
  219 00000048                 EXPORT           cobra_m3_spi0_interrupt    [WEA
K]
  220 00000048                 EXPORT           cobra_m3_spi1_interrupt    [WEA
K]
  221 00000048                 EXPORT           cobra_aon_event0_interrupt   [W
EAK]
  222 00000048                 EXPORT           cobra_watchdog_interrupt   [WEA
K]
  223 00000048                 EXPORT           cobra_m3_trng_interrupt    [WEA
K]
  224 00000048                 EXPORT           cobra_m3_eccmicro_interrupt   [
WEAK]
  225 00000048         
  226 00000048                 EXPORT           cobra_csem_irq_tx_interrupt   [
WEAK]
  227 00000048                 EXPORT           cobra_csem_irq_received_interup
t [WEAK]
  228 00000048                 EXPORT           cobra_csem_irq_rx_stop_interrup
t [WEAK]
  229 00000048                 EXPORT           cobra_csem_irq_sync_interrupt  
 [WEAK]
  230 00000048                 EXPORT           rwble_isr               [WEAK]
  231 00000048                 EXPORT           cobra_m4_gpio_interrupt    [WEA
K]
  232 00000048                 EXPORT           cobra_m4_uart1_interrupt   [WEA
K]
  233 00000048                 EXPORT           cobra4_aes_sm4_interrupt   [WEA
K]
  234 00000048         
  235 00000048         rwble_isr
  236 00000048         cobra_m3_gpio0_interrupt
  237 00000048         cobra_m3_gpio1_interrupt
  238 00000048         cobra_m4_uart0_interrupt
  239 00000048         cobra_aon_event4_interrupt
  240 00000048         cobra_m3_dma_interrupt
  241 00000048         cobra_aon_event3_interrupt
  242 00000048         cobra_m3_timer0_interrupt
  243 00000048         cobra_m3_timer1_interrupt
  244 00000048         cobra_dualtimer_interrupt
  245 00000048         cobra_m3_ipc_interrupt
  246 00000048         cobra_m3_spi0_interrupt
  247 00000048         cobra_m3_spi1_interrupt
  248 00000048         cobra_aon_event0_interrupt
  249 00000048         cobra_watchdog_interrupt
  250 00000048         cobra_m3_trng_interrupt
  251 00000048         cobra_m3_eccmicro_interrupt
  252 00000048         cobra_csem_irq_received_interupt
  253 00000048         cobra_csem_irq_rx_stop_interrupt
  254 00000048         cobra_csem_irq_sync_interrupt
  255 00000048         cobra_csem_irq_tx_interrupt
  256 00000048         cobra_m4_uart1_interrupt
  257 00000048         cobra_m4_gpio_interrupt
  258 00000048         cobra4_aes_sm4_interrupt
  259 00000048 E7FE            B                .
  260 0000004A         
  261 0000004A                 ENDP
  262 0000004A         



ARM Macro Assembler    Page 7 


  263 0000004A         
  264 0000004A 00 00           ALIGN
  265 0000004C         
  266 0000004C         
  267 0000004C         ; User Initial Stack & Heap
  268 0000004C         
  269 0000004C                 IF               :DEF:__MICROLIB
  270 0000004C         
  271 0000004C                 EXPORT           __initial_sp
  272 0000004C                 EXPORT           __heap_base
  273 0000004C                 EXPORT           __heap_limit
  274 0000004C         
  275 0000004C                 ELSE
  290                          ENDIF
  291 0000004C         
  292 0000004C         
  293 0000004C                 END
              420F4509 
              4008A004 
              4008B000 
              4008B064 
              400C6810 
              400C6850 
              00000000 
              00000000 
Command Line: --debug --xref --diag_suppress=9931 --cpu=Cortex-M4 --apcs=interw
ork --depend=.\objects\startup_armcm4.d -o.\objects\startup_armcm4.o -I.\RTE\_w
echatble -IC:\Keil_v5\ARM\PACK\ARM\CMSIS\5.3.0\CMSIS\Include -IC:\Keil_v5\ARM\P
ACK\ARM\CMSIS\5.3.0\Device\ARM\ARMCM4\Include -IC:\Keil_v5\ARM\PACK\ARM\CMSIS\5
.3.0 --predefine="__MICROLIB SETA 1" --predefine="__UVISION_VERSION SETA 525" -
-predefine="_RTE_ SETA 1" --predefine="ARMCM4 SETA 1" --predefine="SDK_BIN_ENAB
LE SETA 1" --list=.\listings\startup_armcm4.lst RTE\Device\ARMCM4\startup_ARMCM
4.s



ARM Macro Assembler    Page 1 Alphabetic symbol ordering
Relocatable symbols

STACK 00000000

Symbol: STACK
   Definitions
      At line 37 in file RTE\Device\ARMCM4\startup_ARMCM4.s
   Uses
      None
Comment: STACK unused
Stack_Mem 00000000

Symbol: Stack_Mem
   Definitions
      At line 38 in file RTE\Device\ARMCM4\startup_ARMCM4.s
   Uses
      None
Comment: Stack_Mem unused
__initial_sp 00000800

Symbol: __initial_sp
   Definitions
      At line 39 in file RTE\Device\ARMCM4\startup_ARMCM4.s
   Uses
      At line 65 in file RTE\Device\ARMCM4\startup_ARMCM4.s
      At line 271 in file RTE\Device\ARMCM4\startup_ARMCM4.s

3 symbols



ARM Macro Assembler    Page 1 Alphabetic symbol ordering
Relocatable symbols

HEAP 00000000

Symbol: HEAP
   Definitions
      At line 48 in file RTE\Device\ARMCM4\startup_ARMCM4.s
   Uses
      None
Comment: HEAP unused
Heap_Mem 00000000

Symbol: Heap_Mem
   Definitions
      At line 50 in file RTE\Device\ARMCM4\startup_ARMCM4.s
   Uses
      None
Comment: Heap_Mem unused
__heap_base 00000000

Symbol: __heap_base
   Definitions
      At line 49 in file RTE\Device\ARMCM4\startup_ARMCM4.s
   Uses
      At line 272 in file RTE\Device\ARMCM4\startup_ARMCM4.s
Comment: __heap_base used once
__heap_limit 00001000

Symbol: __heap_limit
   Definitions
      At line 51 in file RTE\Device\ARMCM4\startup_ARMCM4.s
   Uses
      At line 273 in file RTE\Device\ARMCM4\startup_ARMCM4.s
Comment: __heap_limit used once
4 symbols



ARM Macro Assembler    Page 1 Alphabetic symbol ordering
Relocatable symbols

RESET 00000000

Symbol: RESET
   Definitions
      At line 60 in file RTE\Device\ARMCM4\startup_ARMCM4.s
   Uses
      None
Comment: RESET unused
__Vectors 00000000

Symbol: __Vectors
   Definitions
      At line 65 in file RTE\Device\ARMCM4\startup_ARMCM4.s
   Uses
      At line 61 in file RTE\Device\ARMCM4\startup_ARMCM4.s
      At line 127 in file RTE\Device\ARMCM4\startup_ARMCM4.s

__Vectors_End 000000E4

Symbol: __Vectors_End
   Definitions
      At line 125 in file RTE\Device\ARMCM4\startup_ARMCM4.s
   Uses
      At line 62 in file RTE\Device\ARMCM4\startup_ARMCM4.s
      At line 127 in file RTE\Device\ARMCM4\startup_ARMCM4.s

3 symbols



ARM Macro Assembler    Page 1 Alphabetic symbol ordering
Relocatable symbols

.text 00000000

Symbol: .text
   Definitions
      At line 129 in file RTE\Device\ARMCM4\startup_ARMCM4.s
   Uses
      None
Comment: .text unused
BusFault_Handler 0000003C

Symbol: BusFault_Handler
   Definitions
      At line 180 in file RTE\Device\ARMCM4\startup_ARMCM4.s
   Uses
      At line 70 in file RTE\Device\ARMCM4\startup_ARMCM4.s
      At line 181 in file RTE\Device\ARMCM4\startup_ARMCM4.s

DebugMon_Handler 00000042

Symbol: DebugMon_Handler
   Definitions
      At line 194 in file RTE\Device\ARMCM4\startup_ARMCM4.s
   Uses
      At line 77 in file RTE\Device\ARMCM4\startup_ARMCM4.s
      At line 195 in file RTE\Device\ARMCM4\startup_ARMCM4.s

Default_Handler 00000048

Symbol: Default_Handler
   Definitions
      At line 207 in file RTE\Device\ARMCM4\startup_ARMCM4.s
   Uses
      None
Comment: Default_Handler unused
HardFault_Handler 00000038

Symbol: HardFault_Handler
   Definitions
      At line 170 in file RTE\Device\ARMCM4\startup_ARMCM4.s
   Uses
      At line 68 in file RTE\Device\ARMCM4\startup_ARMCM4.s
      At line 171 in file RTE\Device\ARMCM4\startup_ARMCM4.s

MemManage_Handler 0000003A

Symbol: MemManage_Handler
   Definitions
      At line 175 in file RTE\Device\ARMCM4\startup_ARMCM4.s
   Uses
      At line 69 in file RTE\Device\ARMCM4\startup_ARMCM4.s
      At line 176 in file RTE\Device\ARMCM4\startup_ARMCM4.s

NMI_Handler 00000036

Symbol: NMI_Handler
   Definitions
      At line 165 in file RTE\Device\ARMCM4\startup_ARMCM4.s
   Uses
      At line 67 in file RTE\Device\ARMCM4\startup_ARMCM4.s



ARM Macro Assembler    Page 2 Alphabetic symbol ordering
Relocatable symbols

      At line 166 in file RTE\Device\ARMCM4\startup_ARMCM4.s

PendSV_Handler 00000044

Symbol: PendSV_Handler
   Definitions
      At line 198 in file RTE\Device\ARMCM4\startup_ARMCM4.s
   Uses
      At line 79 in file RTE\Device\ARMCM4\startup_ARMCM4.s
      At line 199 in file RTE\Device\ARMCM4\startup_ARMCM4.s

Reset_Handler 00000000

Symbol: Reset_Handler
   Definitions
      At line 134 in file RTE\Device\ARMCM4\startup_ARMCM4.s
   Uses
      At line 66 in file RTE\Device\ARMCM4\startup_ARMCM4.s
      At line 135 in file RTE\Device\ARMCM4\startup_ARMCM4.s

SVC_Handler 00000040

Symbol: SVC_Handler
   Definitions
      At line 189 in file RTE\Device\ARMCM4\startup_ARMCM4.s
   Uses
      At line 76 in file RTE\Device\ARMCM4\startup_ARMCM4.s
      At line 190 in file RTE\Device\ARMCM4\startup_ARMCM4.s

SysTick_Handler 00000046

Symbol: SysTick_Handler
   Definitions
      At line 202 in file RTE\Device\ARMCM4\startup_ARMCM4.s
   Uses
      At line 80 in file RTE\Device\ARMCM4\startup_ARMCM4.s
      At line 203 in file RTE\Device\ARMCM4\startup_ARMCM4.s

UsageFault_Handler 0000003E

Symbol: UsageFault_Handler
   Definitions
      At line 185 in file RTE\Device\ARMCM4\startup_ARMCM4.s
   Uses
      At line 71 in file RTE\Device\ARMCM4\startup_ARMCM4.s
      At line 186 in file RTE\Device\ARMCM4\startup_ARMCM4.s

cobra4_aes_sm4_interrupt 00000048

Symbol: cobra4_aes_sm4_interrupt
   Definitions
      At line 258 in file RTE\Device\ARMCM4\startup_ARMCM4.s
   Uses
      At line 105 in file RTE\Device\ARMCM4\startup_ARMCM4.s
      At line 233 in file RTE\Device\ARMCM4\startup_ARMCM4.s

cobra_aon_event0_interrupt 00000048

Symbol: cobra_aon_event0_interrupt



ARM Macro Assembler    Page 3 Alphabetic symbol ordering
Relocatable symbols

   Definitions
      At line 248 in file RTE\Device\ARMCM4\startup_ARMCM4.s
   Uses
      At line 83 in file RTE\Device\ARMCM4\startup_ARMCM4.s
      At line 221 in file RTE\Device\ARMCM4\startup_ARMCM4.s

cobra_aon_event3_interrupt 00000048

Symbol: cobra_aon_event3_interrupt
   Definitions
      At line 241 in file RTE\Device\ARMCM4\startup_ARMCM4.s
   Uses
      At line 100 in file RTE\Device\ARMCM4\startup_ARMCM4.s
      At line 214 in file RTE\Device\ARMCM4\startup_ARMCM4.s

cobra_aon_event4_interrupt 00000048

Symbol: cobra_aon_event4_interrupt
   Definitions
      At line 239 in file RTE\Device\ARMCM4\startup_ARMCM4.s
   Uses
      At line 101 in file RTE\Device\ARMCM4\startup_ARMCM4.s
      At line 209 in file RTE\Device\ARMCM4\startup_ARMCM4.s

cobra_csem_irq_received_interupt 00000048

Symbol: cobra_csem_irq_received_interupt
   Definitions
      At line 252 in file RTE\Device\ARMCM4\startup_ARMCM4.s
   Uses
      At line 122 in file RTE\Device\ARMCM4\startup_ARMCM4.s
      At line 227 in file RTE\Device\ARMCM4\startup_ARMCM4.s

cobra_csem_irq_rx_stop_interrupt 00000048

Symbol: cobra_csem_irq_rx_stop_interrupt
   Definitions
      At line 253 in file RTE\Device\ARMCM4\startup_ARMCM4.s
   Uses
      At line 121 in file RTE\Device\ARMCM4\startup_ARMCM4.s
      At line 228 in file RTE\Device\ARMCM4\startup_ARMCM4.s

cobra_csem_irq_sync_interrupt 00000048

Symbol: cobra_csem_irq_sync_interrupt
   Definitions
      At line 254 in file RTE\Device\ARMCM4\startup_ARMCM4.s
   Uses
      At line 123 in file RTE\Device\ARMCM4\startup_ARMCM4.s
      At line 229 in file RTE\Device\ARMCM4\startup_ARMCM4.s

cobra_csem_irq_tx_interrupt 00000048

Symbol: cobra_csem_irq_tx_interrupt
   Definitions
      At line 255 in file RTE\Device\ARMCM4\startup_ARMCM4.s
   Uses
      At line 120 in file RTE\Device\ARMCM4\startup_ARMCM4.s
      At line 226 in file RTE\Device\ARMCM4\startup_ARMCM4.s



ARM Macro Assembler    Page 4 Alphabetic symbol ordering
Relocatable symbols


cobra_dualtimer_interrupt 00000048

Symbol: cobra_dualtimer_interrupt
   Definitions
      At line 244 in file RTE\Device\ARMCM4\startup_ARMCM4.s
   Uses
      At line 109 in file RTE\Device\ARMCM4\startup_ARMCM4.s
      At line 217 in file RTE\Device\ARMCM4\startup_ARMCM4.s

cobra_m3_dma_interrupt 00000048

Symbol: cobra_m3_dma_interrupt
   Definitions
      At line 240 in file RTE\Device\ARMCM4\startup_ARMCM4.s
   Uses
      At line 116 in file RTE\Device\ARMCM4\startup_ARMCM4.s
      At line 210 in file RTE\Device\ARMCM4\startup_ARMCM4.s

cobra_m3_eccmicro_interrupt 00000048

Symbol: cobra_m3_eccmicro_interrupt
   Definitions
      At line 251 in file RTE\Device\ARMCM4\startup_ARMCM4.s
   Uses
      At line 112 in file RTE\Device\ARMCM4\startup_ARMCM4.s
      At line 224 in file RTE\Device\ARMCM4\startup_ARMCM4.s

cobra_m3_gpio0_interrupt 00000048

Symbol: cobra_m3_gpio0_interrupt
   Definitions
      At line 236 in file RTE\Device\ARMCM4\startup_ARMCM4.s
   Uses
      At line 212 in file RTE\Device\ARMCM4\startup_ARMCM4.s
Comment: cobra_m3_gpio0_interrupt used once
cobra_m3_gpio1_interrupt 00000048

Symbol: cobra_m3_gpio1_interrupt
   Definitions
      At line 237 in file RTE\Device\ARMCM4\startup_ARMCM4.s
   Uses
      At line 213 in file RTE\Device\ARMCM4\startup_ARMCM4.s
Comment: cobra_m3_gpio1_interrupt used once
cobra_m3_ipc_interrupt 00000048

Symbol: cobra_m3_ipc_interrupt
   Definitions
      At line 245 in file RTE\Device\ARMCM4\startup_ARMCM4.s
   Uses
      At line 218 in file RTE\Device\ARMCM4\startup_ARMCM4.s
Comment: cobra_m3_ipc_interrupt used once
cobra_m3_spi0_interrupt 00000048

Symbol: cobra_m3_spi0_interrupt
   Definitions
      At line 246 in file RTE\Device\ARMCM4\startup_ARMCM4.s
   Uses
      At line 97 in file RTE\Device\ARMCM4\startup_ARMCM4.s



ARM Macro Assembler    Page 5 Alphabetic symbol ordering
Relocatable symbols

      At line 219 in file RTE\Device\ARMCM4\startup_ARMCM4.s

cobra_m3_spi1_interrupt 00000048

Symbol: cobra_m3_spi1_interrupt
   Definitions
      At line 247 in file RTE\Device\ARMCM4\startup_ARMCM4.s
   Uses
      At line 111 in file RTE\Device\ARMCM4\startup_ARMCM4.s
      At line 220 in file RTE\Device\ARMCM4\startup_ARMCM4.s

cobra_m3_timer0_interrupt 00000048

Symbol: cobra_m3_timer0_interrupt
   Definitions
      At line 242 in file RTE\Device\ARMCM4\startup_ARMCM4.s
   Uses
      At line 107 in file RTE\Device\ARMCM4\startup_ARMCM4.s
      At line 215 in file RTE\Device\ARMCM4\startup_ARMCM4.s

cobra_m3_timer1_interrupt 00000048

Symbol: cobra_m3_timer1_interrupt
   Definitions
      At line 243 in file RTE\Device\ARMCM4\startup_ARMCM4.s
   Uses
      At line 108 in file RTE\Device\ARMCM4\startup_ARMCM4.s
      At line 216 in file RTE\Device\ARMCM4\startup_ARMCM4.s

cobra_m3_trng_interrupt 00000048

Symbol: cobra_m3_trng_interrupt
   Definitions
      At line 250 in file RTE\Device\ARMCM4\startup_ARMCM4.s
   Uses
      At line 106 in file RTE\Device\ARMCM4\startup_ARMCM4.s
      At line 223 in file RTE\Device\ARMCM4\startup_ARMCM4.s

cobra_m4_gpio_interrupt 00000048

Symbol: cobra_m4_gpio_interrupt
   Definitions
      At line 257 in file RTE\Device\ARMCM4\startup_ARMCM4.s
   Uses
      At line 84 in file RTE\Device\ARMCM4\startup_ARMCM4.s
      At line 231 in file RTE\Device\ARMCM4\startup_ARMCM4.s

cobra_m4_uart0_interrupt 00000048

Symbol: cobra_m4_uart0_interrupt
   Definitions
      At line 238 in file RTE\Device\ARMCM4\startup_ARMCM4.s
   Uses
      At line 93 in file RTE\Device\ARMCM4\startup_ARMCM4.s
      At line 211 in file RTE\Device\ARMCM4\startup_ARMCM4.s

cobra_m4_uart1_interrupt 00000048

Symbol: cobra_m4_uart1_interrupt



ARM Macro Assembler    Page 6 Alphabetic symbol ordering
Relocatable symbols

   Definitions
      At line 256 in file RTE\Device\ARMCM4\startup_ARMCM4.s
   Uses
      At line 115 in file RTE\Device\ARMCM4\startup_ARMCM4.s
      At line 232 in file RTE\Device\ARMCM4\startup_ARMCM4.s

cobra_watchdog_interrupt 00000048

Symbol: cobra_watchdog_interrupt
   Definitions
      At line 249 in file RTE\Device\ARMCM4\startup_ARMCM4.s
   Uses
      At line 222 in file RTE\Device\ARMCM4\startup_ARMCM4.s
Comment: cobra_watchdog_interrupt used once
rwble_isr 00000048

Symbol: rwble_isr
   Definitions
      At line 235 in file RTE\Device\ARMCM4\startup_ARMCM4.s
   Uses
      At line 114 in file RTE\Device\ARMCM4\startup_ARMCM4.s
      At line 230 in file RTE\Device\ARMCM4\startup_ARMCM4.s

36 symbols



ARM Macro Assembler    Page 1 Alphabetic symbol ordering
Absolute symbols

Heap_Size 00001000

Symbol: Heap_Size
   Definitions
      At line 46 in file RTE\Device\ARMCM4\startup_ARMCM4.s
   Uses
      At line 50 in file RTE\Device\ARMCM4\startup_ARMCM4.s
Comment: Heap_Size used once
Stack_Size 00000800

Symbol: Stack_Size
   Definitions
      At line 35 in file RTE\Device\ARMCM4\startup_ARMCM4.s
   Uses
      At line 38 in file RTE\Device\ARMCM4\startup_ARMCM4.s
Comment: Stack_Size used once
__Vectors_Size 000000E4

Symbol: __Vectors_Size
   Definitions
      At line 127 in file RTE\Device\ARMCM4\startup_ARMCM4.s
   Uses
      At line 63 in file RTE\Device\ARMCM4\startup_ARMCM4.s
Comment: __Vectors_Size used once
3 symbols



ARM Macro Assembler    Page 1 Alphabetic symbol ordering
External symbols

SystemInit 00000000

Symbol: SystemInit
   Definitions
      At line 136 in file RTE\Device\ARMCM4\startup_ARMCM4.s
   Uses
      At line 156 in file RTE\Device\ARMCM4\startup_ARMCM4.s
Comment: SystemInit used once
__main 00000000

Symbol: __main
   Definitions
      At line 137 in file RTE\Device\ARMCM4\startup_ARMCM4.s
   Uses
      At line 158 in file RTE\Device\ARMCM4\startup_ARMCM4.s
Comment: __main used once
2 symbols
388 symbols in table
